This is pdfTeX, Version 3.14159265-2.6-1.40.19 (MiKTeX 2.9.6730 64-bit) (preloaded format=pdflatex 2018.8.9)  22 AUG 2018 05:46
entering extended mode
**./hw1outEvyn.tex
(hw1outEvyn.tex
LaTeX2e <2018-04-01> patch level 5

("C:\Users\809-SchBd2\AppData\Local\Programs\MiKTeX 2.9\tex\latex\base\article.
cls"
Document Class: article 2014/09/29 v1.4h Standard LaTeX document class

("C:\Users\809-SchBd2\AppData\Local\Programs\MiKTeX 2.9\tex\latex\base\size12.c
lo"
File: size12.clo 2014/09/29 v1.4h Standard LaTeX file (size option)
)
\c@part=\count80
\c@section=\count81
\c@subsection=\count82
\c@subsubsection=\count83
\c@paragraph=\count84
\c@subparagraph=\count85
\c@figure=\count86
\c@table=\count87
\abovecaptionskip=\skip41
\belowcaptionskip=\skip42
\bibindent=\dimen102
)
("C:\Users\809-SchBd2\AppData\Local\Programs\MiKTeX 2.9\tex\latex\geometry\geom
etry.sty"
Package: geometry 2018/04/16 v5.8 Page Geometry

("C:\Users\809-SchBd2\AppData\Local\Programs\MiKTeX 2.9\tex\latex\graphics\keyv
al.sty"
Package: keyval 2014/10/28 v1.15 key=value parser (DPC)
\KV@toks@=\toks14
)
("C:\Users\809-SchBd2\AppData\Local\Programs\MiKTeX 2.9\tex\generic\oberdiek\if
pdf.sty"
Package: ifpdf 2017/03/15 v3.2 Provides the ifpdf switch
)
("C:\Users\809-SchBd2\AppData\Local\Programs\MiKTeX 2.9\tex\generic\oberdiek\if
vtex.sty"
Package: ifvtex 2016/05/16 v1.6 Detect VTeX and its facilities (HO)
Package ifvtex Info: VTeX not detected.
)
("C:\Users\809-SchBd2\AppData\Local\Programs\MiKTeX 2.9\tex\generic\ifxetex\ifx
etex.sty"
Package: ifxetex 2010/09/12 v0.6 Provides ifxetex conditional
)
\Gm@cnth=\count88
\Gm@cntv=\count89
\c@Gm@tempcnt=\count90
\Gm@bindingoffset=\dimen103
\Gm@wd@mp=\dimen104
\Gm@odd@mp=\dimen105
\Gm@even@mp=\dimen106
\Gm@layoutwidth=\dimen107
\Gm@layoutheight=\dimen108
\Gm@layouthoffset=\dimen109
\Gm@layoutvoffset=\dimen110
\Gm@dimlist=\toks15

("C:\Users\809-SchBd2\AppData\Local\Programs\MiKTeX 2.9\tex\latex\geometry\geom
etry.cfg"))
("C:\Users\809-SchBd2\AppData\Local\Programs\MiKTeX 2.9\tex\latex\amsmath\amsma
th.sty"
Package: amsmath 2017/09/02 v2.17a AMS math features
\@mathmargin=\skip43

For additional information on amsmath, use the `?' option.

("C:\Users\809-SchBd2\AppData\Local\Programs\MiKTeX 2.9\tex\latex\amsmath\amste
xt.sty"
Package: amstext 2000/06/29 v2.01 AMS text

("C:\Users\809-SchBd2\AppData\Local\Programs\MiKTeX 2.9\tex\latex\amsmath\amsge
n.sty"
File: amsgen.sty 1999/11/30 v2.0 generic functions
\@emptytoks=\toks16
\ex@=\dimen111
))
("C:\Users\809-SchBd2\AppData\Local\Programs\MiKTeX 2.9\tex\latex\amsmath\amsbs
y.sty"
Package: amsbsy 1999/11/29 v1.2d Bold Symbols
\pmbraise@=\dimen112
)
("C:\Users\809-SchBd2\AppData\Local\Programs\MiKTeX 2.9\tex\latex\amsmath\amsop
n.sty"
Package: amsopn 2016/03/08 v2.02 operator names
)
\inf@bad=\count91
LaTeX Info: Redefining \frac on input line 213.
\uproot@=\count92
\leftroot@=\count93
LaTeX Info: Redefining \overline on input line 375.
\classnum@=\count94
\DOTSCASE@=\count95
LaTeX Info: Redefining \ldots on input line 472.
LaTeX Info: Redefining \dots on input line 475.
LaTeX Info: Redefining \cdots on input line 596.
\Mathstrutbox@=\box26
\strutbox@=\box27
\big@size=\dimen113
LaTeX Font Info:    Redeclaring font encoding OML on input line 712.
LaTeX Font Info:    Redeclaring font encoding OMS on input line 713.
\macc@depth=\count96
\c@MaxMatrixCols=\count97
\dotsspace@=\muskip10
\c@parentequation=\count98
\dspbrk@lvl=\count99
\tag@help=\toks17
\row@=\count100
\column@=\count101
\maxfields@=\count102
\andhelp@=\toks18
\eqnshift@=\dimen114
\alignsep@=\dimen115
\tagshift@=\dimen116
\tagwidth@=\dimen117
\totwidth@=\dimen118
\lineht@=\dimen119
\@envbody=\toks19
\multlinegap=\skip44
\multlinetaggap=\skip45
\mathdisplay@stack=\toks20
LaTeX Info: Redefining \[ on input line 2817.
LaTeX Info: Redefining \] on input line 2818.
)
("C:\Users\809-SchBd2\AppData\Local\Programs\MiKTeX 2.9\tex\latex\amscls\amsthm
.sty"
Package: amsthm 2017/10/31 v2.20.4
\thm@style=\toks21
\thm@bodyfont=\toks22
\thm@headfont=\toks23
\thm@notefont=\toks24
\thm@headpunct=\toks25
\thm@preskip=\skip46
\thm@postskip=\skip47
\thm@headsep=\skip48
\dth@everypar=\toks26
)
("C:\Users\809-SchBd2\AppData\Local\Programs\MiKTeX 2.9\tex\latex\amsfonts\amss
ymb.sty"
Package: amssymb 2013/01/14 v3.01 AMS font symbols

("C:\Users\809-SchBd2\AppData\Local\Programs\MiKTeX 2.9\tex\latex\amsfonts\amsf
onts.sty"
Package: amsfonts 2013/01/14 v3.01 Basic AMSFonts support
\symAMSa=\mathgroup4
\symAMSb=\mathgroup5
LaTeX Font Info:    Overwriting math alphabet `\mathfrak' in version `bold'
(Font)                  U/euf/m/n --> U/euf/b/n on input line 106.
))
("C:\Users\809-SchBd2\AppData\Local\Programs\MiKTeX 2.9\tex\latex\float\float.s
ty"
Package: float 2001/11/08 v1.3d Float enhancements (AL)
\c@float@type=\count103
\float@exts=\toks27
\float@box=\box28
\@float@everytoks=\toks28
\@floatcapt=\box29
)
("C:\Users\809-SchBd2\AppData\Local\Programs\MiKTeX 2.9\tex\latex\graphics\grap
hicx.sty"
Package: graphicx 2017/06/01 v1.1a Enhanced LaTeX Graphics (DPC,SPQR)

("C:\Users\809-SchBd2\AppData\Local\Programs\MiKTeX 2.9\tex\latex\graphics\grap
hics.sty"
Package: graphics 2017/06/25 v1.2c Standard LaTeX Graphics (DPC,SPQR)

("C:\Users\809-SchBd2\AppData\Local\Programs\MiKTeX 2.9\tex\latex\graphics\trig
.sty"
Package: trig 2016/01/03 v1.10 sin cos tan (DPC)
)
("C:\Users\809-SchBd2\AppData\Local\Programs\MiKTeX 2.9\tex\latex\graphics-cfg\
graphics.cfg"
File: graphics.cfg 2016/06/04 v1.11 sample graphics configuration
)
Package graphics Info: Driver file: pdftex.def on input line 99.

("C:\Users\809-SchBd2\AppData\Local\Programs\MiKTeX 2.9\tex\latex\graphics-def\
pdftex.def"
File: pdftex.def 2018/01/08 v1.0l Graphics/color driver for pdftex
))
\Gin@req@height=\dimen120
\Gin@req@width=\dimen121
) (sagetex.sty
Package: sagetex 2009/06/17 v2.2.1 embedding Sage into LaTeX documents

("C:\Users\809-SchBd2\AppData\Local\Programs\MiKTeX 2.9\tex\latex\tools\verbati
m.sty"
Package: verbatim 2014/10/28 v1.5q LaTeX2e package for verbatim enhancements
\every@verbatim=\toks29
\verbatim@line=\toks30
\verbatim@in@stream=\read1
)
("C:\Users\809-SchBd2\AppData\Local\Programs\MiKTeX 2.9\tex\latex\makecmds\make
cmds.sty"
Package: makecmds 2009/09/03 v1.0a extra command making commands
)
("C:\Users\809-SchBd2\AppData\Local\Programs\MiKTeX 2.9\tex\latex\base\ifthen.s
ty"
Package: ifthen 2014/09/29 v1.1c Standard LaTeX ifthen package (DPC)
)
\c@ST@inline=\count104
\c@ST@plot=\count105
\sagetexindent=\skip49
 (hw1outEvyn.sout)) (hw1outEvyn.aux)
\openout1 = `hw1outEvyn.aux'.

LaTeX Font Info:    Checking defaults for OML/cmm/m/it on input line 37.
LaTeX Font Info:    ... okay on input line 37.
LaTeX Font Info:    Checking defaults for T1/cmr/m/n on input line 37.
LaTeX Font Info:    ... okay on input line 37.
LaTeX Font Info:    Checking defaults for OT1/cmr/m/n on input line 37.
LaTeX Font Info:    ... okay on input line 37.
LaTeX Font Info:    Checking defaults for OMS/cmsy/m/n on input line 37.
LaTeX Font Info:    ... okay on input line 37.
LaTeX Font Info:    Checking defaults for OMX/cmex/m/n on input line 37.
LaTeX Font Info:    ... okay on input line 37.
LaTeX Font Info:    Checking defaults for U/cmr/m/n on input line 37.
LaTeX Font Info:    ... okay on input line 37.

*geometry* driver: auto-detecting
*geometry* detected driver: pdftex
*geometry* verbose mode - [ preamble ] result:
* driver: pdftex
* paper: <default>
* layout: <same size as paper>
* layoutoffset:(h,v)=(0.0pt,0.0pt)
* modes: 
* h-part:(L,W,R)=(72.26999pt, 469.75502pt, 72.26999pt)
* v-part:(T,H,B)=(72.26999pt, 650.43001pt, 72.26999pt)
* \paperwidth=614.295pt
* \paperheight=794.96999pt
* \textwidth=469.75502pt
* \textheight=650.43001pt
* \oddsidemargin=0.0pt
* \evensidemargin=0.0pt
* \topmargin=-37.0pt
* \headheight=12.0pt
* \headsep=25.0pt
* \topskip=12.0pt
* \footskip=30.0pt
* \marginparwidth=44.0pt
* \marginparsep=10.0pt
* \columnsep=10.0pt
* \skip\footins=10.8pt plus 4.0pt minus 2.0pt
* \hoffset=0.0pt
* \voffset=0.0pt
* \mag=1000
* \@twocolumnfalse
* \@twosidefalse
* \@mparswitchfalse
* \@reversemarginfalse
* (1in=72.27pt=25.4mm, 1cm=28.453pt)


("C:\Users\809-SchBd2\AppData\Local\Programs\MiKTeX 2.9\tex\context\base\supp-p
df.mkii"
[Loading MPS to PDF converter (version 2006.09.02).]
\scratchcounter=\count106
\scratchdimen=\dimen122
\scratchbox=\box30
\nofMPsegments=\count107
\nofMParguments=\count108
\everyMPshowfont=\toks31
\MPscratchCnt=\count109
\MPscratchDim=\dimen123
\MPnumerator=\count110
\makeMPintoPDFobject=\count111
\everyMPtoPDFconversion=\toks32
)
("C:\Users\809-SchBd2\AppData\Local\Programs\MiKTeX 2.9\tex\latex\oberdiek\epst
opdf-base.sty"
Package: epstopdf-base 2016/05/15 v2.6 Base part for package epstopdf

("C:\Users\809-SchBd2\AppData\Local\Programs\MiKTeX 2.9\tex\generic\oberdiek\in
fwarerr.sty"
Package: infwarerr 2016/05/16 v1.4 Providing info/warning/error messages (HO)
)
("C:\Users\809-SchBd2\AppData\Local\Programs\MiKTeX 2.9\tex\latex\oberdiek\grfe
xt.sty"
Package: grfext 2016/05/16 v1.2 Manage graphics extensions (HO)

("C:\Users\809-SchBd2\AppData\Local\Programs\MiKTeX 2.9\tex\generic\oberdiek\kv
definekeys.sty"
Package: kvdefinekeys 2016/05/16 v1.4 Define keys (HO)

("C:\Users\809-SchBd2\AppData\Local\Programs\MiKTeX 2.9\tex\generic\oberdiek\lt
xcmds.sty"
Package: ltxcmds 2016/05/16 v1.23 LaTeX kernel commands for general use (HO)
)))
("C:\Users\809-SchBd2\AppData\Local\Programs\MiKTeX 2.9\tex\latex\oberdiek\kvop
tions.sty"
Package: kvoptions 2016/05/16 v3.12 Key value format for package options (HO)

("C:\Users\809-SchBd2\AppData\Local\Programs\MiKTeX 2.9\tex\generic\oberdiek\kv
setkeys.sty"
Package: kvsetkeys 2016/05/16 v1.17 Key value parser (HO)

("C:\Users\809-SchBd2\AppData\Local\Programs\MiKTeX 2.9\tex\generic\oberdiek\et
excmds.sty"
Package: etexcmds 2016/05/16 v1.6 Avoid name clashes with e-TeX commands (HO)

("C:\Users\809-SchBd2\AppData\Local\Programs\MiKTeX 2.9\tex\generic\oberdiek\if
luatex.sty"
Package: ifluatex 2016/05/16 v1.4 Provides the ifluatex switch (HO)
Package ifluatex Info: LuaTeX not detected.
)
Package etexcmds Info: Could not find \expanded.
(etexcmds)             That can mean that you are not using pdfTeX 1.50 or
(etexcmds)             that some package has redefined \expanded.
(etexcmds)             In the latter case, load this package earlier.
)))
("C:\Users\809-SchBd2\AppData\Local\Programs\MiKTeX 2.9\tex\generic\oberdiek\pd
ftexcmds.sty"
Package: pdftexcmds 2018/01/30 v0.27 Utility functions of pdfTeX for LuaTeX (HO
)
Package pdftexcmds Info: LuaTeX not detected.
Package pdftexcmds Info: \pdf@primitive is available.
Package pdftexcmds Info: \pdf@ifprimitive is available.
Package pdftexcmds Info: \pdfdraftmode found.
)
Package epstopdf-base Info: Redefining graphics rule for `.eps' on input line 4
38.
Package grfext Info: Graphics extension search list:
(grfext)             [.pdf,.png,.jpg,.mps,.jpeg,.jbig2,.jb2,.PDF,.PNG,.JPG,.JPE
G,.JBIG2,.JB2,.eps]
(grfext)             \AppendGraphicsExtensions on input line 456.
)
\ST@sf=\write3
\openout3 = `hw1outEvyn.sage'.

LaTeX Font Info:    Try loading font information for U+msa on input line 40.

("C:\Users\809-SchBd2\AppData\Local\Programs\MiKTeX 2.9\tex\latex\amsfonts\umsa
.fd"
File: umsa.fd 2013/01/14 v3.01 AMS symbols A
)
LaTeX Font Info:    Try loading font information for U+msb on input line 40.

("C:\Users\809-SchBd2\AppData\Local\Programs\MiKTeX 2.9\tex\latex\amsfonts\umsb
.fd"
File: umsb.fd 2013/01/14 v3.01 AMS symbols B
) [1

{C:/Users/809-SchBd2/AppData/Local/MiKTeX/2.9/pdftex/config/pdftex.map}] (hw1ou
tEvyn.aux) ) 
Here is how much of TeX's memory you used:
 3127 strings out of 492973
 44194 string characters out of 3124478
 114755 words of memory out of 3000000
 6937 multiletter control sequences out of 15000+200000
 11837 words of font info for 46 fonts, out of 3000000 for 9000
 1141 hyphenation exceptions out of 8191
 41i,6n,32p,279b,190s stack positions out of 5000i,500n,10000p,200000b,50000s
<C:/Users/809-SchBd2/AppData/Local/Programs/MiKTeX 2.9/fonts/type1/
public/amsfonts/cm/cmbx12.pfb><C:/Users/809-SchBd2/AppData/Local/Programs/MiKTe
X 2.9/fonts/type1/public/amsfonts/cm/cmmi12.pfb><C:/Users/809-SchBd2/AppData/Lo
cal/Programs/MiKTeX 2.9/fonts/type1/public/amsfonts/cm/cmr12.pfb><C:/Users/809-
SchBd2/AppData/Local/Programs/MiKTeX 2.9/fonts/type1/public/amsfonts/cm/cmr17.p
fb><C:/Users/809-SchBd2/AppData/Local/Programs/MiKTeX 2.9/fonts/type1/public/am
sfonts/cm/cmsy10.pfb><C:/Users/809-SchBd2/AppData/Local/Programs/MiKTeX 2.9/fon
ts/type1/public/amsfonts/cm/cmti12.pfb>
Output written on hw1outEvyn.pdf (1 page, 63926 bytes).
PDF statistics:
 30 PDF objects out of 1000 (max. 8388607)
 0 named destinations out of 1000 (max. 500000)
 1 words of extra memory for PDF output out of 10000 (max. 10000000)

